Arguments: 
  C:\Program Files\nodejs\node.exe C:\Users\caiwe\AppData\Roaming\npm\node_modules\yarn\bin\yarn.js add axios

PATH: 
  C:\Program Files (x86)\Common Files\Oracle\Java\javapath;D:\app\xftp\;D:\app\xshall6\;C:\Program Files (x86)\Intel\iCLS Client\;C:\Program Files\Intel\iCLS Client\;C:\Windows\system32;C:\Windows;C:\Windows\System32\Wbem;C:\Windows\System32\WindowsPowerShell\v1.0\;C:\Program Files (x86)\Intel\Intel(R) Management Engine Components\DAL;C:\Program Files\Intel\Intel(R) Management Engine Components\DAL;C:\Program Files (x86)\Intel\Intel(R) Management Engine Components\IPT;C:\Program Files\Intel\Intel(R) Management Engine Components\IPT;C:\Program Files (x86)\NVIDIA Corporation\PhysX\Common;C:\WINDOWS\system32;C:\WINDOWS;C:\WINDOWS\System32\Wbem;C:\WINDOWS\System32\WindowsPowerShell\v1.0\;C:\WINDOWS\System32\OpenSSH\;C:\Program Files\nodejs\;C:\Program Files\Git\cmd;C:\Program Files\Java\jdk1.8.0_201\bin;D:\Go\bin;%GOPATH%\bin;D:\software\OpenVPN\bin;C:\Users\caiwe\AppData\Local\Microsoft\WindowsApps;D:\app\Microsoft VS Code\bin;C:\Users\caiwe\AppData\Roaming\npm;D:\androidSdk\tools;D:\androidSdk\platform-tools;C:\Users\caiwe\AppData\Local\atom\bin;D:\app\WebStorm 2019.1.1\bin;;D:\Go\bin;C:\Users\caiwe\go\bin;;C:\Users\caiwe\AppData\Local\Microsoft\WindowsApps

Yarn version: 
  1.13.0

Node version: 
  10.15.2

Platform: 
  win32 x64

Trace: 
  Error: ENOENT: no such file or directory, copyfile 'C:\Users\caiwe\AppData\Local\Yarn\Cache\v4\npm-ms-2.1.2-d09d1f357b443f493382a8eb3ccd183872ae6009\node_modules\ms\license.md' -> 'd:\my-product\test\react-next\node_modules\@babel\core\node_modules\ms\license.md'

npm manifest: 
  {
    "name": "react-next",
    "version": "1.0.0",
    "description": "",
    "main": "index.js",
    "scripts": {
      "test": "echo \"Error: no test specified\" && exit 1",
      "dev": "next -p 3007",
      "buildy": "next build",
      "start": "next start -p 3008",
      "export": "npm run build && next export"
    },
    "keywords": [],
    "author": "",
    "license": "ISC",
    "dependencies": {
      "next": "^9.1.3",
      "react": "^16.11.0",
      "react-dom": "^16.11.0"
    }
  }

yarn manifest: 
  No manifest

Lockfile: 
  No lockfile
